Copyright 1986-2017 Xilinx, Inc. All Rights Reserved.
-------------------------------------------------------------------------------------------------------------------
| Tool Version : Vivado v.2017.2 (win64) Build 1909853 Thu Jun 15 18:39:09 MDT 2017
| Date         : Sat Jul 21 00:51:43 2018
| Host         : Acer-Aspire running 64-bit Service Pack 1  (build 7601)
| Command      : report_methodology -file Galaga_methodology_drc_routed.rpt -rpx Galaga_methodology_drc_routed.rpx
| Design       : Galaga
| Device       : xc7z010clg400-1
| Speed File   : -1
| Design State : Routed
-------------------------------------------------------------------------------------------------------------------

Report Methodology

Table of Contents
-----------------
1. REPORT SUMMARY
2. REPORT DETAILS

1. REPORT SUMMARY
-----------------
            Netlist: netlist
          Floorplan: design_1
      Design limits: <entire design considered>
             Max violations: <unlimited>
             Violations found: 257
+-----------+----------+--------------------------------------------+------------+
| Rule      | Severity | Description                                | Violations |
+-----------+----------+--------------------------------------------+------------+
| SYNTH-6   | Warning  | Timing of a block RAM might be sub-optimal | 63         |
| TIMING-17 | Warning  | Non-clocked sequential cell                | 172        |
| TIMING-18 | Warning  | Missing input or output delay              | 22         |
+-----------+----------+--------------------------------------------+------------+

2. REPORT DETAILS
-----------------
SYNTH-6#1 Warning
Timing of a block RAM might be sub-optimal  
The timing for the instance ebene_inst/stage1RGB_reg, implemented as a block RAM, might be sub-optimal as no output register was merged into the block
Related violations: <none>

SYNTH-6#2 Warning
Timing of a block RAM might be sub-optimal  
The timing for the instance ebene_inst/stage2RGB_reg, implemented as a block RAM, might be sub-optimal as no output register was merged into the block
Related violations: <none>

SYNTH-6#3 Warning
Timing of a block RAM might be sub-optimal  
The timing for the instance ebene_inst/stage3RGB_reg, implemented as a block RAM, might be sub-optimal as no output register was merged into the block
Related violations: <none>

SYNTH-6#4 Warning
Timing of a block RAM might be sub-optimal  
The timing for the instance ebene_inst/stage4RGB_reg, implemented as a block RAM, might be sub-optimal as no output register was merged into the block
Related violations: <none>

SYNTH-6#5 Warning
Timing of a block RAM might be sub-optimal  
The timing for the instance ebene_inst/stage5RGB_reg, implemented as a block RAM, might be sub-optimal as no output register was merged into the block
Related violations: <none>

SYNTH-6#6 Warning
Timing of a block RAM might be sub-optimal  
The timing for the instance ebene_inst/stage6RGB_reg, implemented as a block RAM, might be sub-optimal as no output register was merged into the block
Related violations: <none>

SYNTH-6#7 Warning
Timing of a block RAM might be sub-optimal  
The timing for the instance level_inst/bee1/beeRGB_reg, implemented as a block RAM, might be sub-optimal as no output register was merged into the block
Related violations: <none>

SYNTH-6#8 Warning
Timing of a block RAM might be sub-optimal  
The timing for the instance level_inst/bee1/deadRGB_reg, implemented as a block RAM, might be sub-optimal as no output register was merged into the block
Related violations: <none>

SYNTH-6#9 Warning
Timing of a block RAM might be sub-optimal  
The timing for the instance level_inst/bee11/beeRGB_reg, implemented as a block RAM, might be sub-optimal as no output register was merged into the block
Related violations: <none>

SYNTH-6#10 Warning
Timing of a block RAM might be sub-optimal  
The timing for the instance level_inst/bee11/deadRGB_reg, implemented as a block RAM, might be sub-optimal as no output register was merged into the block
Related violations: <none>

SYNTH-6#11 Warning
Timing of a block RAM might be sub-optimal  
The timing for the instance level_inst/bee13/beeRGB_reg, implemented as a block RAM, might be sub-optimal as no output register was merged into the block
Related violations: <none>

SYNTH-6#12 Warning
Timing of a block RAM might be sub-optimal  
The timing for the instance level_inst/bee13/deadRGB_reg, implemented as a block RAM, might be sub-optimal as no output register was merged into the block
Related violations: <none>

SYNTH-6#13 Warning
Timing of a block RAM might be sub-optimal  
The timing for the instance level_inst/bee15/beeRGB_reg, implemented as a block RAM, might be sub-optimal as no output register was merged into the block
Related violations: <none>

SYNTH-6#14 Warning
Timing of a block RAM might be sub-optimal  
The timing for the instance level_inst/bee15/deadRGB_reg, implemented as a block RAM, might be sub-optimal as no output register was merged into the block
Related violations: <none>

SYNTH-6#15 Warning
Timing of a block RAM might be sub-optimal  
The timing for the instance level_inst/bee17/beeRGB_reg, implemented as a block RAM, might be sub-optimal as no output register was merged into the block
Related violations: <none>

SYNTH-6#16 Warning
Timing of a block RAM might be sub-optimal  
The timing for the instance level_inst/bee17/deadRGB_reg, implemented as a block RAM, might be sub-optimal as no output register was merged into the block
Related violations: <none>

SYNTH-6#17 Warning
Timing of a block RAM might be sub-optimal  
The timing for the instance level_inst/bee19/beeRGB_reg, implemented as a block RAM, might be sub-optimal as no output register was merged into the block
Related violations: <none>

SYNTH-6#18 Warning
Timing of a block RAM might be sub-optimal  
The timing for the instance level_inst/bee19/deadRGB_reg, implemented as a block RAM, might be sub-optimal as no output register was merged into the block
Related violations: <none>

SYNTH-6#19 Warning
Timing of a block RAM might be sub-optimal  
The timing for the instance level_inst/bee3/beeRGB_reg, implemented as a block RAM, might be sub-optimal as no output register was merged into the block
Related violations: <none>

SYNTH-6#20 Warning
Timing of a block RAM might be sub-optimal  
The timing for the instance level_inst/bee3/deadRGB_reg, implemented as a block RAM, might be sub-optimal as no output register was merged into the block
Related violations: <none>

SYNTH-6#21 Warning
Timing of a block RAM might be sub-optimal  
The timing for the instance level_inst/bee5/beeRGB_reg, implemented as a block RAM, might be sub-optimal as no output register was merged into the block
Related violations: <none>

SYNTH-6#22 Warning
Timing of a block RAM might be sub-optimal  
The timing for the instance level_inst/bee5/deadRGB_reg, implemented as a block RAM, might be sub-optimal as no output register was merged into the block
Related violations: <none>

SYNTH-6#23 Warning
Timing of a block RAM might be sub-optimal  
The timing for the instance level_inst/bee7/beeRGB_reg, implemented as a block RAM, might be sub-optimal as no output register was merged into the block
Related violations: <none>

SYNTH-6#24 Warning
Timing of a block RAM might be sub-optimal  
The timing for the instance level_inst/bee7/deadRGB_reg, implemented as a block RAM, might be sub-optimal as no output register was merged into the block
Related violations: <none>

SYNTH-6#25 Warning
Timing of a block RAM might be sub-optimal  
The timing for the instance level_inst/bee9/beeRGB_reg, implemented as a block RAM, might be sub-optimal as no output register was merged into the block
Related violations: <none>

SYNTH-6#26 Warning
Timing of a block RAM might be sub-optimal  
The timing for the instance level_inst/bee9/deadRGB_reg, implemented as a block RAM, might be sub-optimal as no output register was merged into the block
Related violations: <none>

SYNTH-6#27 Warning
Timing of a block RAM might be sub-optimal  
The timing for the instance level_inst/boss1/bossRGB_reg, implemented as a block RAM, might be sub-optimal as no output register was merged into the block
Related violations: <none>

SYNTH-6#28 Warning
Timing of a block RAM might be sub-optimal  
The timing for the instance level_inst/boss1/deadRGB_reg, implemented as a block RAM, might be sub-optimal as no output register was merged into the block
Related violations: <none>

SYNTH-6#29 Warning
Timing of a block RAM might be sub-optimal  
The timing for the instance level_inst/boss3/bossRGB_reg, implemented as a block RAM, might be sub-optimal as no output register was merged into the block
Related violations: <none>

SYNTH-6#30 Warning
Timing of a block RAM might be sub-optimal  
The timing for the instance level_inst/boss3/deadRGB_reg, implemented as a block RAM, might be sub-optimal as no output register was merged into the block
Related violations: <none>

SYNTH-6#31 Warning
Timing of a block RAM might be sub-optimal  
The timing for the instance level_inst/butterfly1/butterflyRGB_reg, implemented as a block RAM, might be sub-optimal as no output register was merged into the block
Related violations: <none>

SYNTH-6#32 Warning
Timing of a block RAM might be sub-optimal  
The timing for the instance level_inst/butterfly1/deadRGB_reg, implemented as a block RAM, might be sub-optimal as no output register was merged into the block
Related violations: <none>

SYNTH-6#33 Warning
Timing of a block RAM might be sub-optimal  
The timing for the instance level_inst/butterfly11/butterflyRGB_reg, implemented as a block RAM, might be sub-optimal as no output register was merged into the block
Related violations: <none>

SYNTH-6#34 Warning
Timing of a block RAM might be sub-optimal  
The timing for the instance level_inst/butterfly11/deadRGB_reg, implemented as a block RAM, might be sub-optimal as no output register was merged into the block
Related violations: <none>

SYNTH-6#35 Warning
Timing of a block RAM might be sub-optimal  
The timing for the instance level_inst/butterfly13/butterflyRGB_reg, implemented as a block RAM, might be sub-optimal as no output register was merged into the block
Related violations: <none>

SYNTH-6#36 Warning
Timing of a block RAM might be sub-optimal  
The timing for the instance level_inst/butterfly13/deadRGB_reg, implemented as a block RAM, might be sub-optimal as no output register was merged into the block
Related violations: <none>

SYNTH-6#37 Warning
Timing of a block RAM might be sub-optimal  
The timing for the instance level_inst/butterfly15/butterflyRGB_reg, implemented as a block RAM, might be sub-optimal as no output register was merged into the block
Related violations: <none>

SYNTH-6#38 Warning
Timing of a block RAM might be sub-optimal  
The timing for the instance level_inst/butterfly15/deadRGB_reg, implemented as a block RAM, might be sub-optimal as no output register was merged into the block
Related violations: <none>

SYNTH-6#39 Warning
Timing of a block RAM might be sub-optimal  
The timing for the instance level_inst/butterfly3/butterflyRGB_reg, implemented as a block RAM, might be sub-optimal as no output register was merged into the block
Related violations: <none>

SYNTH-6#40 Warning
Timing of a block RAM might be sub-optimal  
The timing for the instance level_inst/butterfly3/deadRGB_reg, implemented as a block RAM, might be sub-optimal as no output register was merged into the block
Related violations: <none>

SYNTH-6#41 Warning
Timing of a block RAM might be sub-optimal  
The timing for the instance level_inst/butterfly5/butterflyRGB_reg, implemented as a block RAM, might be sub-optimal as no output register was merged into the block
Related violations: <none>

SYNTH-6#42 Warning
Timing of a block RAM might be sub-optimal  
The timing for the instance level_inst/butterfly5/deadRGB_reg, implemented as a block RAM, might be sub-optimal as no output register was merged into the block
Related violations: <none>

SYNTH-6#43 Warning
Timing of a block RAM might be sub-optimal  
The timing for the instance level_inst/butterfly7/butterflyRGB_reg, implemented as a block RAM, might be sub-optimal as no output register was merged into the block
Related violations: <none>

SYNTH-6#44 Warning
Timing of a block RAM might be sub-optimal  
The timing for the instance level_inst/butterfly7/deadRGB_reg, implemented as a block RAM, might be sub-optimal as no output register was merged into the block
Related violations: <none>

SYNTH-6#45 Warning
Timing of a block RAM might be sub-optimal  
The timing for the instance level_inst/butterfly9/butterflyRGB_reg, implemented as a block RAM, might be sub-optimal as no output register was merged into the block
Related violations: <none>

SYNTH-6#46 Warning
Timing of a block RAM might be sub-optimal  
The timing for the instance level_inst/butterfly9/deadRGB_reg, implemented as a block RAM, might be sub-optimal as no output register was merged into the block
Related violations: <none>

SYNTH-6#47 Warning
Timing of a block RAM might be sub-optimal  
The timing for the instance menu_inst/letterA/row_reg, implemented as a block RAM, might be sub-optimal as no output register was merged into the block
Related violations: <none>

SYNTH-6#48 Warning
Timing of a block RAM might be sub-optimal  
The timing for the instance menu_inst/letterA2/row_reg, implemented as a block RAM, might be sub-optimal as no output register was merged into the block
Related violations: <none>

SYNTH-6#49 Warning
Timing of a block RAM might be sub-optimal  
The timing for the instance menu_inst/letterE2/row_reg, implemented as a block RAM, might be sub-optimal as no output register was merged into the block
Related violations: <none>

SYNTH-6#50 Warning
Timing of a block RAM might be sub-optimal  
The timing for the instance menu_inst/letterO/row_reg, implemented as a block RAM, might be sub-optimal as no output register was merged into the block
Related violations: <none>

SYNTH-6#51 Warning
Timing of a block RAM might be sub-optimal  
The timing for the instance menu_inst/letterS/row_reg, implemented as a block RAM, might be sub-optimal as no output register was merged into the block
Related violations: <none>

SYNTH-6#52 Warning
Timing of a block RAM might be sub-optimal  
The timing for the instance menu_inst/letterT2/row_reg, implemented as a block RAM, might be sub-optimal as no output register was merged into the block
Related violations: <none>

SYNTH-6#53 Warning
Timing of a block RAM might be sub-optimal  
The timing for the instance menu_inst/logoRGB_reg_1_0, implemented as a block RAM, might be sub-optimal as no output register was merged into the block
Related violations: <none>

SYNTH-6#54 Warning
Timing of a block RAM might be sub-optimal  
The timing for the instance menu_inst/logoRGB_reg_1_1, implemented as a block RAM, might be sub-optimal as no output register was merged into the block
Related violations: <none>

SYNTH-6#55 Warning
Timing of a block RAM might be sub-optimal  
The timing for the instance menu_inst/logoRGB_reg_1_2, implemented as a block RAM, might be sub-optimal as no output register was merged into the block
Related violations: <none>

SYNTH-6#56 Warning
Timing of a block RAM might be sub-optimal  
The timing for the instance menu_inst/logoRGB_reg_1_3, implemented as a block RAM, might be sub-optimal as no output register was merged into the block
Related violations: <none>

SYNTH-6#57 Warning
Timing of a block RAM might be sub-optimal  
The timing for the instance player_inst/ship1/deadRGB_reg, implemented as a block RAM, might be sub-optimal as no output register was merged into the block
Related violations: <none>

SYNTH-6#58 Warning
Timing of a block RAM might be sub-optimal  
The timing for the instance player_inst/ship1/playerRGB_reg, implemented as a block RAM, might be sub-optimal as no output register was merged into the block
Related violations: <none>

SYNTH-6#59 Warning
Timing of a block RAM might be sub-optimal  
The timing for the instance score_inst/digit0/row_reg, implemented as a block RAM, might be sub-optimal as no output register was merged into the block
Related violations: <none>

SYNTH-6#60 Warning
Timing of a block RAM might be sub-optimal  
The timing for the instance score_inst/digit2/row_reg, implemented as a block RAM, might be sub-optimal as no output register was merged into the block
Related violations: <none>

SYNTH-6#61 Warning
Timing of a block RAM might be sub-optimal  
The timing for the instance score_inst/digit4/row_reg, implemented as a block RAM, might be sub-optimal as no output register was merged into the block
Related violations: <none>

SYNTH-6#62 Warning
Timing of a block RAM might be sub-optimal  
The timing for the instance score_inst/digit6/row_reg, implemented as a block RAM, might be sub-optimal as no output register was merged into the block
Related violations: <none>

SYNTH-6#63 Warning
Timing of a block RAM might be sub-optimal  
The timing for the instance score_inst/letterS/row_reg, implemented as a block RAM, might be sub-optimal as no output register was merged into the block
Related violations: <none>

TIMING-17#1 Warning
Non-clocked sequential cell  
The clock pin level_inst/bee1/animation_reg/C is not reached by a timing clock
Related violations: <none>

TIMING-17#2 Warning
Non-clocked sequential cell  
The clock pin level_inst/bee1/deadanimation_reg[0]/C is not reached by a timing clock
Related violations: <none>

TIMING-17#3 Warning
Non-clocked sequential cell  
The clock pin level_inst/bee1/deadanimation_reg[1]/C is not reached by a timing clock
Related violations: <none>

TIMING-17#4 Warning
Non-clocked sequential cell  
The clock pin level_inst/bee1/deadanimation_reg[2]/C is not reached by a timing clock
Related violations: <none>

TIMING-17#5 Warning
Non-clocked sequential cell  
The clock pin level_inst/bee10/animation_reg/C is not reached by a timing clock
Related violations: <none>

TIMING-17#6 Warning
Non-clocked sequential cell  
The clock pin level_inst/bee10/deadanimation_reg[0]/C is not reached by a timing clock
Related violations: <none>

TIMING-17#7 Warning
Non-clocked sequential cell  
The clock pin level_inst/bee10/deadanimation_reg[1]/C is not reached by a timing clock
Related violations: <none>

TIMING-17#8 Warning
Non-clocked sequential cell  
The clock pin level_inst/bee10/deadanimation_reg[2]/C is not reached by a timing clock
Related violations: <none>

TIMING-17#9 Warning
Non-clocked sequential cell  
The clock pin level_inst/bee11/animation_reg/C is not reached by a timing clock
Related violations: <none>

TIMING-17#10 Warning
Non-clocked sequential cell  
The clock pin level_inst/bee11/deadanimation_reg[0]/C is not reached by a timing clock
Related violations: <none>

TIMING-17#11 Warning
Non-clocked sequential cell  
The clock pin level_inst/bee11/deadanimation_reg[1]/C is not reached by a timing clock
Related violations: <none>

TIMING-17#12 Warning
Non-clocked sequential cell  
The clock pin level_inst/bee11/deadanimation_reg[2]/C is not reached by a timing clock
Related violations: <none>

TIMING-17#13 Warning
Non-clocked sequential cell  
The clock pin level_inst/bee12/animation_reg/C is not reached by a timing clock
Related violations: <none>

TIMING-17#14 Warning
Non-clocked sequential cell  
The clock pin level_inst/bee12/deadanimation_reg[0]/C is not reached by a timing clock
Related violations: <none>

TIMING-17#15 Warning
Non-clocked sequential cell  
The clock pin level_inst/bee12/deadanimation_reg[1]/C is not reached by a timing clock
Related violations: <none>

TIMING-17#16 Warning
Non-clocked sequential cell  
The clock pin level_inst/bee12/deadanimation_reg[2]/C is not reached by a timing clock
Related violations: <none>

TIMING-17#17 Warning
Non-clocked sequential cell  
The clock pin level_inst/bee13/animation_reg/C is not reached by a timing clock
Related violations: <none>

TIMING-17#18 Warning
Non-clocked sequential cell  
The clock pin level_inst/bee13/deadanimation_reg[0]/C is not reached by a timing clock
Related violations: <none>

TIMING-17#19 Warning
Non-clocked sequential cell  
The clock pin level_inst/bee13/deadanimation_reg[1]/C is not reached by a timing clock
Related violations: <none>

TIMING-17#20 Warning
Non-clocked sequential cell  
The clock pin level_inst/bee13/deadanimation_reg[2]/C is not reached by a timing clock
Related violations: <none>

TIMING-17#21 Warning
Non-clocked sequential cell  
The clock pin level_inst/bee14/animation_reg/C is not reached by a timing clock
Related violations: <none>

TIMING-17#22 Warning
Non-clocked sequential cell  
The clock pin level_inst/bee14/deadanimation_reg[0]/C is not reached by a timing clock
Related violations: <none>

TIMING-17#23 Warning
Non-clocked sequential cell  
The clock pin level_inst/bee14/deadanimation_reg[1]/C is not reached by a timing clock
Related violations: <none>

TIMING-17#24 Warning
Non-clocked sequential cell  
The clock pin level_inst/bee14/deadanimation_reg[2]/C is not reached by a timing clock
Related violations: <none>

TIMING-17#25 Warning
Non-clocked sequential cell  
The clock pin level_inst/bee15/animation_reg/C is not reached by a timing clock
Related violations: <none>

TIMING-17#26 Warning
Non-clocked sequential cell  
The clock pin level_inst/bee15/deadanimation_reg[0]/C is not reached by a timing clock
Related violations: <none>

TIMING-17#27 Warning
Non-clocked sequential cell  
The clock pin level_inst/bee15/deadanimation_reg[1]/C is not reached by a timing clock
Related violations: <none>

TIMING-17#28 Warning
Non-clocked sequential cell  
The clock pin level_inst/bee15/deadanimation_reg[2]/C is not reached by a timing clock
Related violations: <none>

TIMING-17#29 Warning
Non-clocked sequential cell  
The clock pin level_inst/bee16/animation_reg/C is not reached by a timing clock
Related violations: <none>

TIMING-17#30 Warning
Non-clocked sequential cell  
The clock pin level_inst/bee16/deadanimation_reg[0]/C is not reached by a timing clock
Related violations: <none>

TIMING-17#31 Warning
Non-clocked sequential cell  
The clock pin level_inst/bee16/deadanimation_reg[1]/C is not reached by a timing clock
Related violations: <none>

TIMING-17#32 Warning
Non-clocked sequential cell  
The clock pin level_inst/bee16/deadanimation_reg[2]/C is not reached by a timing clock
Related violations: <none>

TIMING-17#33 Warning
Non-clocked sequential cell  
The clock pin level_inst/bee17/animation_reg/C is not reached by a timing clock
Related violations: <none>

TIMING-17#34 Warning
Non-clocked sequential cell  
The clock pin level_inst/bee17/deadanimation_reg[0]/C is not reached by a timing clock
Related violations: <none>

TIMING-17#35 Warning
Non-clocked sequential cell  
The clock pin level_inst/bee17/deadanimation_reg[1]/C is not reached by a timing clock
Related violations: <none>

TIMING-17#36 Warning
Non-clocked sequential cell  
The clock pin level_inst/bee17/deadanimation_reg[2]/C is not reached by a timing clock
Related violations: <none>

TIMING-17#37 Warning
Non-clocked sequential cell  
The clock pin level_inst/bee18/animation_reg/C is not reached by a timing clock
Related violations: <none>

TIMING-17#38 Warning
Non-clocked sequential cell  
The clock pin level_inst/bee18/deadanimation_reg[0]/C is not reached by a timing clock
Related violations: <none>

TIMING-17#39 Warning
Non-clocked sequential cell  
The clock pin level_inst/bee18/deadanimation_reg[1]/C is not reached by a timing clock
Related violations: <none>

TIMING-17#40 Warning
Non-clocked sequential cell  
The clock pin level_inst/bee18/deadanimation_reg[2]/C is not reached by a timing clock
Related violations: <none>

TIMING-17#41 Warning
Non-clocked sequential cell  
The clock pin level_inst/bee19/animation_reg/C is not reached by a timing clock
Related violations: <none>

TIMING-17#42 Warning
Non-clocked sequential cell  
The clock pin level_inst/bee19/deadanimation_reg[0]/C is not reached by a timing clock
Related violations: <none>

TIMING-17#43 Warning
Non-clocked sequential cell  
The clock pin level_inst/bee19/deadanimation_reg[1]/C is not reached by a timing clock
Related violations: <none>

TIMING-17#44 Warning
Non-clocked sequential cell  
The clock pin level_inst/bee19/deadanimation_reg[2]/C is not reached by a timing clock
Related violations: <none>

TIMING-17#45 Warning
Non-clocked sequential cell  
The clock pin level_inst/bee2/animation_reg/C is not reached by a timing clock
Related violations: <none>

TIMING-17#46 Warning
Non-clocked sequential cell  
The clock pin level_inst/bee2/deadanimation_reg[0]/C is not reached by a timing clock
Related violations: <none>

TIMING-17#47 Warning
Non-clocked sequential cell  
The clock pin level_inst/bee2/deadanimation_reg[1]/C is not reached by a timing clock
Related violations: <none>

TIMING-17#48 Warning
Non-clocked sequential cell  
The clock pin level_inst/bee2/deadanimation_reg[2]/C is not reached by a timing clock
Related violations: <none>

TIMING-17#49 Warning
Non-clocked sequential cell  
The clock pin level_inst/bee20/animation_reg/C is not reached by a timing clock
Related violations: <none>

TIMING-17#50 Warning
Non-clocked sequential cell  
The clock pin level_inst/bee20/deadanimation_reg[0]/C is not reached by a timing clock
Related violations: <none>

TIMING-17#51 Warning
Non-clocked sequential cell  
The clock pin level_inst/bee20/deadanimation_reg[1]/C is not reached by a timing clock
Related violations: <none>

TIMING-17#52 Warning
Non-clocked sequential cell  
The clock pin level_inst/bee20/deadanimation_reg[2]/C is not reached by a timing clock
Related violations: <none>

TIMING-17#53 Warning
Non-clocked sequential cell  
The clock pin level_inst/bee3/animation_reg/C is not reached by a timing clock
Related violations: <none>

TIMING-17#54 Warning
Non-clocked sequential cell  
The clock pin level_inst/bee3/deadanimation_reg[0]/C is not reached by a timing clock
Related violations: <none>

TIMING-17#55 Warning
Non-clocked sequential cell  
The clock pin level_inst/bee3/deadanimation_reg[1]/C is not reached by a timing clock
Related violations: <none>

TIMING-17#56 Warning
Non-clocked sequential cell  
The clock pin level_inst/bee3/deadanimation_reg[2]/C is not reached by a timing clock
Related violations: <none>

TIMING-17#57 Warning
Non-clocked sequential cell  
The clock pin level_inst/bee4/animation_reg/C is not reached by a timing clock
Related violations: <none>

TIMING-17#58 Warning
Non-clocked sequential cell  
The clock pin level_inst/bee4/deadanimation_reg[0]/C is not reached by a timing clock
Related violations: <none>

TIMING-17#59 Warning
Non-clocked sequential cell  
The clock pin level_inst/bee4/deadanimation_reg[1]/C is not reached by a timing clock
Related violations: <none>

TIMING-17#60 Warning
Non-clocked sequential cell  
The clock pin level_inst/bee4/deadanimation_reg[2]/C is not reached by a timing clock
Related violations: <none>

TIMING-17#61 Warning
Non-clocked sequential cell  
The clock pin level_inst/bee5/animation_reg/C is not reached by a timing clock
Related violations: <none>

TIMING-17#62 Warning
Non-clocked sequential cell  
The clock pin level_inst/bee5/deadanimation_reg[0]/C is not reached by a timing clock
Related violations: <none>

TIMING-17#63 Warning
Non-clocked sequential cell  
The clock pin level_inst/bee5/deadanimation_reg[1]/C is not reached by a timing clock
Related violations: <none>

TIMING-17#64 Warning
Non-clocked sequential cell  
The clock pin level_inst/bee5/deadanimation_reg[2]/C is not reached by a timing clock
Related violations: <none>

TIMING-17#65 Warning
Non-clocked sequential cell  
The clock pin level_inst/bee6/animation_reg/C is not reached by a timing clock
Related violations: <none>

TIMING-17#66 Warning
Non-clocked sequential cell  
The clock pin level_inst/bee6/deadanimation_reg[0]/C is not reached by a timing clock
Related violations: <none>

TIMING-17#67 Warning
Non-clocked sequential cell  
The clock pin level_inst/bee6/deadanimation_reg[1]/C is not reached by a timing clock
Related violations: <none>

TIMING-17#68 Warning
Non-clocked sequential cell  
The clock pin level_inst/bee6/deadanimation_reg[2]/C is not reached by a timing clock
Related violations: <none>

TIMING-17#69 Warning
Non-clocked sequential cell  
The clock pin level_inst/bee7/animation_reg/C is not reached by a timing clock
Related violations: <none>

TIMING-17#70 Warning
Non-clocked sequential cell  
The clock pin level_inst/bee7/deadanimation_reg[0]/C is not reached by a timing clock
Related violations: <none>

TIMING-17#71 Warning
Non-clocked sequential cell  
The clock pin level_inst/bee7/deadanimation_reg[1]/C is not reached by a timing clock
Related violations: <none>

TIMING-17#72 Warning
Non-clocked sequential cell  
The clock pin level_inst/bee7/deadanimation_reg[2]/C is not reached by a timing clock
Related violations: <none>

TIMING-17#73 Warning
Non-clocked sequential cell  
The clock pin level_inst/bee8/animation_reg/C is not reached by a timing clock
Related violations: <none>

TIMING-17#74 Warning
Non-clocked sequential cell  
The clock pin level_inst/bee8/deadanimation_reg[0]/C is not reached by a timing clock
Related violations: <none>

TIMING-17#75 Warning
Non-clocked sequential cell  
The clock pin level_inst/bee8/deadanimation_reg[1]/C is not reached by a timing clock
Related violations: <none>

TIMING-17#76 Warning
Non-clocked sequential cell  
The clock pin level_inst/bee8/deadanimation_reg[2]/C is not reached by a timing clock
Related violations: <none>

TIMING-17#77 Warning
Non-clocked sequential cell  
The clock pin level_inst/bee9/animation_reg/C is not reached by a timing clock
Related violations: <none>

TIMING-17#78 Warning
Non-clocked sequential cell  
The clock pin level_inst/bee9/deadanimation_reg[0]/C is not reached by a timing clock
Related violations: <none>

TIMING-17#79 Warning
Non-clocked sequential cell  
The clock pin level_inst/bee9/deadanimation_reg[1]/C is not reached by a timing clock
Related violations: <none>

TIMING-17#80 Warning
Non-clocked sequential cell  
The clock pin level_inst/bee9/deadanimation_reg[2]/C is not reached by a timing clock
Related violations: <none>

TIMING-17#81 Warning
Non-clocked sequential cell  
The clock pin level_inst/boss1/animation_reg/C is not reached by a timing clock
Related violations: <none>

TIMING-17#82 Warning
Non-clocked sequential cell  
The clock pin level_inst/boss1/deadanimation_reg[0]/C is not reached by a timing clock
Related violations: <none>

TIMING-17#83 Warning
Non-clocked sequential cell  
The clock pin level_inst/boss1/deadanimation_reg[1]/C is not reached by a timing clock
Related violations: <none>

TIMING-17#84 Warning
Non-clocked sequential cell  
The clock pin level_inst/boss1/deadanimation_reg[2]/C is not reached by a timing clock
Related violations: <none>

TIMING-17#85 Warning
Non-clocked sequential cell  
The clock pin level_inst/boss2/animation_reg/C is not reached by a timing clock
Related violations: <none>

TIMING-17#86 Warning
Non-clocked sequential cell  
The clock pin level_inst/boss2/deadanimation_reg[0]/C is not reached by a timing clock
Related violations: <none>

TIMING-17#87 Warning
Non-clocked sequential cell  
The clock pin level_inst/boss2/deadanimation_reg[1]/C is not reached by a timing clock
Related violations: <none>

TIMING-17#88 Warning
Non-clocked sequential cell  
The clock pin level_inst/boss2/deadanimation_reg[2]/C is not reached by a timing clock
Related violations: <none>

TIMING-17#89 Warning
Non-clocked sequential cell  
The clock pin level_inst/boss3/animation_reg/C is not reached by a timing clock
Related violations: <none>

TIMING-17#90 Warning
Non-clocked sequential cell  
The clock pin level_inst/boss3/deadanimation_reg[0]/C is not reached by a timing clock
Related violations: <none>

TIMING-17#91 Warning
Non-clocked sequential cell  
The clock pin level_inst/boss3/deadanimation_reg[1]/C is not reached by a timing clock
Related violations: <none>

TIMING-17#92 Warning
Non-clocked sequential cell  
The clock pin level_inst/boss3/deadanimation_reg[2]/C is not reached by a timing clock
Related violations: <none>

TIMING-17#93 Warning
Non-clocked sequential cell  
The clock pin level_inst/boss4/animation_reg/C is not reached by a timing clock
Related violations: <none>

TIMING-17#94 Warning
Non-clocked sequential cell  
The clock pin level_inst/boss4/deadanimation_reg[0]/C is not reached by a timing clock
Related violations: <none>

TIMING-17#95 Warning
Non-clocked sequential cell  
The clock pin level_inst/boss4/deadanimation_reg[1]/C is not reached by a timing clock
Related violations: <none>

TIMING-17#96 Warning
Non-clocked sequential cell  
The clock pin level_inst/boss4/deadanimation_reg[2]/C is not reached by a timing clock
Related violations: <none>

TIMING-17#97 Warning
Non-clocked sequential cell  
The clock pin level_inst/butterfly1/animation_reg/C is not reached by a timing clock
Related violations: <none>

TIMING-17#98 Warning
Non-clocked sequential cell  
The clock pin level_inst/butterfly1/deadanimation_reg[0]/C is not reached by a timing clock
Related violations: <none>

TIMING-17#99 Warning
Non-clocked sequential cell  
The clock pin level_inst/butterfly1/deadanimation_reg[1]/C is not reached by a timing clock
Related violations: <none>

TIMING-17#100 Warning
Non-clocked sequential cell  
The clock pin level_inst/butterfly1/deadanimation_reg[2]/C is not reached by a timing clock
Related violations: <none>

TIMING-17#101 Warning
Non-clocked sequential cell  
The clock pin level_inst/butterfly10/animation_reg/C is not reached by a timing clock
Related violations: <none>

TIMING-17#102 Warning
Non-clocked sequential cell  
The clock pin level_inst/butterfly10/deadanimation_reg[0]/C is not reached by a timing clock
Related violations: <none>

TIMING-17#103 Warning
Non-clocked sequential cell  
The clock pin level_inst/butterfly10/deadanimation_reg[1]/C is not reached by a timing clock
Related violations: <none>

TIMING-17#104 Warning
Non-clocked sequential cell  
The clock pin level_inst/butterfly10/deadanimation_reg[2]/C is not reached by a timing clock
Related violations: <none>

TIMING-17#105 Warning
Non-clocked sequential cell  
The clock pin level_inst/butterfly11/animation_reg/C is not reached by a timing clock
Related violations: <none>

TIMING-17#106 Warning
Non-clocked sequential cell  
The clock pin level_inst/butterfly11/deadanimation_reg[0]/C is not reached by a timing clock
Related violations: <none>

TIMING-17#107 Warning
Non-clocked sequential cell  
The clock pin level_inst/butterfly11/deadanimation_reg[1]/C is not reached by a timing clock
Related violations: <none>

TIMING-17#108 Warning
Non-clocked sequential cell  
The clock pin level_inst/butterfly11/deadanimation_reg[2]/C is not reached by a timing clock
Related violations: <none>

TIMING-17#109 Warning
Non-clocked sequential cell  
The clock pin level_inst/butterfly12/animation_reg/C is not reached by a timing clock
Related violations: <none>

TIMING-17#110 Warning
Non-clocked sequential cell  
The clock pin level_inst/butterfly12/deadanimation_reg[0]/C is not reached by a timing clock
Related violations: <none>

TIMING-17#111 Warning
Non-clocked sequential cell  
The clock pin level_inst/butterfly12/deadanimation_reg[1]/C is not reached by a timing clock
Related violations: <none>

TIMING-17#112 Warning
Non-clocked sequential cell  
The clock pin level_inst/butterfly12/deadanimation_reg[2]/C is not reached by a timing clock
Related violations: <none>

TIMING-17#113 Warning
Non-clocked sequential cell  
The clock pin level_inst/butterfly13/animation_reg/C is not reached by a timing clock
Related violations: <none>

TIMING-17#114 Warning
Non-clocked sequential cell  
The clock pin level_inst/butterfly13/deadanimation_reg[0]/C is not reached by a timing clock
Related violations: <none>

TIMING-17#115 Warning
Non-clocked sequential cell  
The clock pin level_inst/butterfly13/deadanimation_reg[1]/C is not reached by a timing clock
Related violations: <none>

TIMING-17#116 Warning
Non-clocked sequential cell  
The clock pin level_inst/butterfly13/deadanimation_reg[2]/C is not reached by a timing clock
Related violations: <none>

TIMING-17#117 Warning
Non-clocked sequential cell  
The clock pin level_inst/butterfly14/animation_reg/C is not reached by a timing clock
Related violations: <none>

TIMING-17#118 Warning
Non-clocked sequential cell  
The clock pin level_inst/butterfly14/deadanimation_reg[0]/C is not reached by a timing clock
Related violations: <none>

TIMING-17#119 Warning
Non-clocked sequential cell  
The clock pin level_inst/butterfly14/deadanimation_reg[1]/C is not reached by a timing clock
Related violations: <none>

TIMING-17#120 Warning
Non-clocked sequential cell  
The clock pin level_inst/butterfly14/deadanimation_reg[2]/C is not reached by a timing clock
Related violations: <none>

TIMING-17#121 Warning
Non-clocked sequential cell  
The clock pin level_inst/butterfly15/animation_reg/C is not reached by a timing clock
Related violations: <none>

TIMING-17#122 Warning
Non-clocked sequential cell  
The clock pin level_inst/butterfly15/deadanimation_reg[0]/C is not reached by a timing clock
Related violations: <none>

TIMING-17#123 Warning
Non-clocked sequential cell  
The clock pin level_inst/butterfly15/deadanimation_reg[1]/C is not reached by a timing clock
Related violations: <none>

TIMING-17#124 Warning
Non-clocked sequential cell  
The clock pin level_inst/butterfly15/deadanimation_reg[2]/C is not reached by a timing clock
Related violations: <none>

TIMING-17#125 Warning
Non-clocked sequential cell  
The clock pin level_inst/butterfly16/animation_reg/C is not reached by a timing clock
Related violations: <none>

TIMING-17#126 Warning
Non-clocked sequential cell  
The clock pin level_inst/butterfly16/deadanimation_reg[0]/C is not reached by a timing clock
Related violations: <none>

TIMING-17#127 Warning
Non-clocked sequential cell  
The clock pin level_inst/butterfly16/deadanimation_reg[1]/C is not reached by a timing clock
Related violations: <none>

TIMING-17#128 Warning
Non-clocked sequential cell  
The clock pin level_inst/butterfly16/deadanimation_reg[2]/C is not reached by a timing clock
Related violations: <none>

TIMING-17#129 Warning
Non-clocked sequential cell  
The clock pin level_inst/butterfly2/animation_reg/C is not reached by a timing clock
Related violations: <none>

TIMING-17#130 Warning
Non-clocked sequential cell  
The clock pin level_inst/butterfly2/deadanimation_reg[0]/C is not reached by a timing clock
Related violations: <none>

TIMING-17#131 Warning
Non-clocked sequential cell  
The clock pin level_inst/butterfly2/deadanimation_reg[1]/C is not reached by a timing clock
Related violations: <none>

TIMING-17#132 Warning
Non-clocked sequential cell  
The clock pin level_inst/butterfly2/deadanimation_reg[2]/C is not reached by a timing clock
Related violations: <none>

TIMING-17#133 Warning
Non-clocked sequential cell  
The clock pin level_inst/butterfly3/animation_reg/C is not reached by a timing clock
Related violations: <none>

TIMING-17#134 Warning
Non-clocked sequential cell  
The clock pin level_inst/butterfly3/deadanimation_reg[0]/C is not reached by a timing clock
Related violations: <none>

TIMING-17#135 Warning
Non-clocked sequential cell  
The clock pin level_inst/butterfly3/deadanimation_reg[1]/C is not reached by a timing clock
Related violations: <none>

TIMING-17#136 Warning
Non-clocked sequential cell  
The clock pin level_inst/butterfly3/deadanimation_reg[2]/C is not reached by a timing clock
Related violations: <none>

TIMING-17#137 Warning
Non-clocked sequential cell  
The clock pin level_inst/butterfly4/animation_reg/C is not reached by a timing clock
Related violations: <none>

TIMING-17#138 Warning
Non-clocked sequential cell  
The clock pin level_inst/butterfly4/deadanimation_reg[0]/C is not reached by a timing clock
Related violations: <none>

TIMING-17#139 Warning
Non-clocked sequential cell  
The clock pin level_inst/butterfly4/deadanimation_reg[1]/C is not reached by a timing clock
Related violations: <none>

TIMING-17#140 Warning
Non-clocked sequential cell  
The clock pin level_inst/butterfly4/deadanimation_reg[2]/C is not reached by a timing clock
Related violations: <none>

TIMING-17#141 Warning
Non-clocked sequential cell  
The clock pin level_inst/butterfly5/animation_reg/C is not reached by a timing clock
Related violations: <none>

TIMING-17#142 Warning
Non-clocked sequential cell  
The clock pin level_inst/butterfly5/deadanimation_reg[0]/C is not reached by a timing clock
Related violations: <none>

TIMING-17#143 Warning
Non-clocked sequential cell  
The clock pin level_inst/butterfly5/deadanimation_reg[1]/C is not reached by a timing clock
Related violations: <none>

TIMING-17#144 Warning
Non-clocked sequential cell  
The clock pin level_inst/butterfly5/deadanimation_reg[2]/C is not reached by a timing clock
Related violations: <none>

TIMING-17#145 Warning
Non-clocked sequential cell  
The clock pin level_inst/butterfly6/animation_reg/C is not reached by a timing clock
Related violations: <none>

TIMING-17#146 Warning
Non-clocked sequential cell  
The clock pin level_inst/butterfly6/deadanimation_reg[0]/C is not reached by a timing clock
Related violations: <none>

TIMING-17#147 Warning
Non-clocked sequential cell  
The clock pin level_inst/butterfly6/deadanimation_reg[1]/C is not reached by a timing clock
Related violations: <none>

TIMING-17#148 Warning
Non-clocked sequential cell  
The clock pin level_inst/butterfly6/deadanimation_reg[2]/C is not reached by a timing clock
Related violations: <none>

TIMING-17#149 Warning
Non-clocked sequential cell  
The clock pin level_inst/butterfly7/animation_reg/C is not reached by a timing clock
Related violations: <none>

TIMING-17#150 Warning
Non-clocked sequential cell  
The clock pin level_inst/butterfly7/deadanimation_reg[0]/C is not reached by a timing clock
Related violations: <none>

TIMING-17#151 Warning
Non-clocked sequential cell  
The clock pin level_inst/butterfly7/deadanimation_reg[1]/C is not reached by a timing clock
Related violations: <none>

TIMING-17#152 Warning
Non-clocked sequential cell  
The clock pin level_inst/butterfly7/deadanimation_reg[2]/C is not reached by a timing clock
Related violations: <none>

TIMING-17#153 Warning
Non-clocked sequential cell  
The clock pin level_inst/butterfly8/animation_reg/C is not reached by a timing clock
Related violations: <none>

TIMING-17#154 Warning
Non-clocked sequential cell  
The clock pin level_inst/butterfly8/deadanimation_reg[0]/C is not reached by a timing clock
Related violations: <none>

TIMING-17#155 Warning
Non-clocked sequential cell  
The clock pin level_inst/butterfly8/deadanimation_reg[1]/C is not reached by a timing clock
Related violations: <none>

TIMING-17#156 Warning
Non-clocked sequential cell  
The clock pin level_inst/butterfly8/deadanimation_reg[2]/C is not reached by a timing clock
Related violations: <none>

TIMING-17#157 Warning
Non-clocked sequential cell  
The clock pin level_inst/butterfly9/animation_reg/C is not reached by a timing clock
Related violations: <none>

TIMING-17#158 Warning
Non-clocked sequential cell  
The clock pin level_inst/butterfly9/deadanimation_reg[0]/C is not reached by a timing clock
Related violations: <none>

TIMING-17#159 Warning
Non-clocked sequential cell  
The clock pin level_inst/butterfly9/deadanimation_reg[1]/C is not reached by a timing clock
Related violations: <none>

TIMING-17#160 Warning
Non-clocked sequential cell  
The clock pin level_inst/butterfly9/deadanimation_reg[2]/C is not reached by a timing clock
Related violations: <none>

TIMING-17#161 Warning
Non-clocked sequential cell  
The clock pin level_inst/randomshoot_reg[0]/C is not reached by a timing clock
Related violations: <none>

TIMING-17#162 Warning
Non-clocked sequential cell  
The clock pin level_inst/randomshoot_reg[1]/C is not reached by a timing clock
Related violations: <none>

TIMING-17#163 Warning
Non-clocked sequential cell  
The clock pin level_inst/randomshoot_reg[2]/C is not reached by a timing clock
Related violations: <none>

TIMING-17#164 Warning
Non-clocked sequential cell  
The clock pin level_inst/randomshoot_reg[3]/C is not reached by a timing clock
Related violations: <none>

TIMING-17#165 Warning
Non-clocked sequential cell  
The clock pin level_inst/randomshoot_reg[4]/C is not reached by a timing clock
Related violations: <none>

TIMING-17#166 Warning
Non-clocked sequential cell  
The clock pin level_inst/randomshoot_reg[5]/C is not reached by a timing clock
Related violations: <none>

TIMING-17#167 Warning
Non-clocked sequential cell  
The clock pin level_inst/randomshoot_reg[6]/C is not reached by a timing clock
Related violations: <none>

TIMING-17#168 Warning
Non-clocked sequential cell  
The clock pin menu_inst/state_reg[0]/C is not reached by a timing clock
Related violations: <none>

TIMING-17#169 Warning
Non-clocked sequential cell  
The clock pin menu_inst/state_reg[1]/C is not reached by a timing clock
Related violations: <none>

TIMING-17#170 Warning
Non-clocked sequential cell  
The clock pin player_inst/ship1/deadanimation_reg[0]/C is not reached by a timing clock
Related violations: <none>

TIMING-17#171 Warning
Non-clocked sequential cell  
The clock pin player_inst/ship1/deadanimation_reg[1]/C is not reached by a timing clock
Related violations: <none>

TIMING-17#172 Warning
Non-clocked sequential cell  
The clock pin player_inst/ship1/deadanimation_reg[2]/C is not reached by a timing clock
Related violations: <none>

TIMING-18#1 Warning
Missing input or output delay  
An input delay is missing on btn[0] relative to clock(s) VIRTUAL_Clk75MHz_unbuff 
Related violations: <none>

TIMING-18#2 Warning
Missing input or output delay  
An input delay is missing on btn[1] relative to clock(s) VIRTUAL_Clk75MHz_unbuff 
Related violations: <none>

TIMING-18#3 Warning
Missing input or output delay  
An input delay is missing on btn[2] relative to clock(s) VIRTUAL_Clk75MHz_unbuff 
Related violations: <none>

TIMING-18#4 Warning
Missing input or output delay  
An input delay is missing on btn[3] relative to clock(s) VIRTUAL_Clk75MHz_unbuff 
Related violations: <none>

TIMING-18#5 Warning
Missing input or output delay  
An output delay is missing on vga_b[0] relative to clock(s) VIRTUAL_Clk75MHz_unbuff 
Related violations: <none>

TIMING-18#6 Warning
Missing input or output delay  
An output delay is missing on vga_b[1] relative to clock(s) VIRTUAL_Clk75MHz_unbuff 
Related violations: <none>

TIMING-18#7 Warning
Missing input or output delay  
An output delay is missing on vga_b[2] relative to clock(s) VIRTUAL_Clk75MHz_unbuff 
Related violations: <none>

TIMING-18#8 Warning
Missing input or output delay  
An output delay is missing on vga_b[3] relative to clock(s) VIRTUAL_Clk75MHz_unbuff 
Related violations: <none>

TIMING-18#9 Warning
Missing input or output delay  
An output delay is missing on vga_b[4] relative to clock(s) VIRTUAL_Clk75MHz_unbuff 
Related violations: <none>

TIMING-18#10 Warning
Missing input or output delay  
An output delay is missing on vga_g[0] relative to clock(s) VIRTUAL_Clk75MHz_unbuff 
Related violations: <none>

TIMING-18#11 Warning
Missing input or output delay  
An output delay is missing on vga_g[1] relative to clock(s) VIRTUAL_Clk75MHz_unbuff 
Related violations: <none>

TIMING-18#12 Warning
Missing input or output delay  
An output delay is missing on vga_g[2] relative to clock(s) VIRTUAL_Clk75MHz_unbuff 
Related violations: <none>

TIMING-18#13 Warning
Missing input or output delay  
An output delay is missing on vga_g[3] relative to clock(s) VIRTUAL_Clk75MHz_unbuff 
Related violations: <none>

TIMING-18#14 Warning
Missing input or output delay  
An output delay is missing on vga_g[4] relative to clock(s) VIRTUAL_Clk75MHz_unbuff 
Related violations: <none>

TIMING-18#15 Warning
Missing input or output delay  
An output delay is missing on vga_g[5] relative to clock(s) VIRTUAL_Clk75MHz_unbuff 
Related violations: <none>

TIMING-18#16 Warning
Missing input or output delay  
An output delay is missing on vga_hs relative to clock(s) VIRTUAL_Clk75MHz_unbuff 
Related violations: <none>

TIMING-18#17 Warning
Missing input or output delay  
An output delay is missing on vga_r[0] relative to clock(s) VIRTUAL_Clk75MHz_unbuff 
Related violations: <none>

TIMING-18#18 Warning
Missing input or output delay  
An output delay is missing on vga_r[1] relative to clock(s) VIRTUAL_Clk75MHz_unbuff 
Related violations: <none>

TIMING-18#19 Warning
Missing input or output delay  
An output delay is missing on vga_r[2] relative to clock(s) VIRTUAL_Clk75MHz_unbuff 
Related violations: <none>

TIMING-18#20 Warning
Missing input or output delay  
An output delay is missing on vga_r[3] relative to clock(s) VIRTUAL_Clk75MHz_unbuff 
Related violations: <none>

TIMING-18#21 Warning
Missing input or output delay  
An output delay is missing on vga_r[4] relative to clock(s) VIRTUAL_Clk75MHz_unbuff 
Related violations: <none>

TIMING-18#22 Warning
Missing input or output delay  
An output delay is missing on vga_vs relative to clock(s) VIRTUAL_Clk75MHz_unbuff 
Related violations: <none>


